
-----
Test: tests/test_google_maps_api.py::TestCreatePlace::test_create_new_place (setup)Time: 2026-02-20 16:19:18.783736
Request method: POST
Request URL: https://rahulshettyacademy.com/maps/api/place/add/json?key=qaclick123

Response code: 200
Response test: {"status":"OK","place_id":"493603c4f9a655aa242b29a1f0c0da26","scope":"APP","reference":"4106694ea640a6dce6597930ee1da5554106694ea640a6dce6597930ee1da555","id":"4106694ea640a6dce6597930ee1da555"}Response headers: {'Date': 'Fri, 20 Feb 2026 13:19:20 GMT', 'Server': 'Apache/2.4.52 (Ubuntu)', 'Strict-Transport-Security': 'max-age=604800; includeSubDomains', 'Access-Control-Allow-Origin': '*', 'Access-Control-Allow-Methods': 'POST', 'Access-Control-Max-Age': '3600', 'Access-Control-Allow-Headers': 'Content-Type, Access-Control-Allow-Headers, Authorization, X-Requested-With', 'Content-Length': '194', 'Keep-Alive': 'timeout=5, max=100', 'Connection': 'Keep-Alive', 'Content-Type': 'application/json;charset=UTF-8'}Response cookies: {}
-----

-----
Test: tests/test_google_maps_api.py::TestCreatePlace::test_create_new_place (call)Time: 2026-02-20 16:19:21.273201
Request method: POST
Request URL: https://rahulshettyacademy.com/maps/api/place/add/json?key=qaclick123

Response code: 200
Response test: {"status":"OK","place_id":"ab29a4ac1e8e923a45b52b8ee1f11ddf","scope":"APP","reference":"cad98630b027c0aae5382e7460ca4994cad98630b027c0aae5382e7460ca4994","id":"cad98630b027c0aae5382e7460ca4994"}Response headers: {'Date': 'Fri, 20 Feb 2026 13:19:24 GMT', 'Server': 'Apache/2.4.52 (Ubuntu)', 'Strict-Transport-Security': 'max-age=604800; includeSubDomains', 'Access-Control-Allow-Origin': '*', 'Access-Control-Allow-Methods': 'POST', 'Access-Control-Max-Age': '3600', 'Access-Control-Allow-Headers': 'Content-Type, Access-Control-Allow-Headers, Authorization, X-Requested-With', 'Content-Length': '194', 'Keep-Alive': 'timeout=5, max=100', 'Connection': 'Keep-Alive', 'Content-Type': 'application/json;charset=UTF-8'}Response cookies: {}
-----

-----
Test: tests/test_google_maps_api.py::TestCreatePlace::test_create_new_place (call)Time: 2026-02-20 16:19:24.714780
Request method: GET
Request URL: https://rahulshettyacademy.com/maps/api/place/get/json?key=qaclick123&place_id=493603c4f9a655aa242b29a1f0c0da26

Response code: 200
Response test: {"location":{"latitude":"-38.383494","longitude":"33.427362"},"accuracy":"50","name":"Frontline house","phone_number":"(+91) 983 893 3937","address":"29, side layout, cohen 09","types":"shoe park,shop","website":"http:\/\/google.com","language":"French-IN"}Response headers: {'Date': 'Fri, 20 Feb 2026 13:19:25 GMT', 'Server': 'Apache/2.4.52 (Ubuntu)', 'Strict-Transport-Security': 'max-age=604800; includeSubDomains', 'Access-Control-Allow-Origin': '*', 'Access-Control-Allow-Methods': 'POST', 'Access-Control-Max-Age': '3600', 'Access-Control-Allow-Headers': 'Content-Type, Access-Control-Allow-Headers, Authorization, X-Requested-With', 'Content-Length': '257', 'Keep-Alive': 'timeout=5, max=100', 'Connection': 'Keep-Alive', 'Content-Type': 'application/json;charset=UTF-8'}Response cookies: {}
-----

-----
Test: tests/test_google_maps_api.py::TestCreatePlace::test_put_new_place (setup)Time: 2026-02-20 16:19:27.941282
Request method: POST
Request URL: https://rahulshettyacademy.com/maps/api/place/add/json?key=qaclick123

Response code: 200
Response test: {"status":"OK","place_id":"5f6c27e482d0ff64256afd5083a4582f","scope":"APP","reference":"d7c618c22e233f23dad9e062d81a8e64d7c618c22e233f23dad9e062d81a8e64","id":"d7c618c22e233f23dad9e062d81a8e64"}Response headers: {'Date': 'Fri, 20 Feb 2026 13:19:29 GMT', 'Server': 'Apache/2.4.52 (Ubuntu)', 'Strict-Transport-Security': 'max-age=604800; includeSubDomains', 'Access-Control-Allow-Origin': '*', 'Access-Control-Allow-Methods': 'POST', 'Access-Control-Max-Age': '3600', 'Access-Control-Allow-Headers': 'Content-Type, Access-Control-Allow-Headers, Authorization, X-Requested-With', 'Content-Length': '194', 'Keep-Alive': 'timeout=5, max=100', 'Connection': 'Keep-Alive', 'Content-Type': 'application/json;charset=UTF-8'}Response cookies: {}
-----

-----
Test: tests/test_google_maps_api.py::TestCreatePlace::test_put_new_place (call)Time: 2026-02-20 16:19:29.521733
Request method: PUT
Request URL: https://rahulshettyacademy.com/maps/api/place/update/json?key=qaclick123

Response code: 200
Response test: {"msg":"Address successfully updated"}Response headers: {'Date': 'Fri, 20 Feb 2026 13:19:30 GMT', 'Server': 'Apache/2.4.52 (Ubuntu)', 'Strict-Transport-Security': 'max-age=604800; includeSubDomains', 'Access-Control-Allow-Origin': '*', 'Access-Control-Allow-Methods': 'POST', 'Access-Control-Max-Age': '3600', 'Access-Control-Allow-Headers': 'Content-Type, Access-Control-Allow-Headers, Authorization, X-Requested-With', 'Content-Length': '38', 'Keep-Alive': 'timeout=5, max=100', 'Connection': 'Keep-Alive', 'Content-Type': 'application/json;charset=UTF-8'}Response cookies: {}
-----

-----
Test: tests/test_google_maps_api.py::TestCreatePlace::test_put_new_place (call)Time: 2026-02-20 16:19:34.006410
Request method: GET
Request URL: https://rahulshettyacademy.com/maps/api/place/get/json?key=qaclick123&place_id=5f6c27e482d0ff64256afd5083a4582f

Response code: 200
Response test: {"location":{"latitude":"-38.383494","longitude":"33.427362"},"accuracy":"50","name":"Frontline house","phone_number":"(+91) 983 893 3937","address":"100 Lenina street, RU","types":"shoe park,shop","website":"http:\/\/google.com","language":"French-IN"}Response headers: {'Date': 'Fri, 20 Feb 2026 13:19:36 GMT', 'Server': 'Apache/2.4.52 (Ubuntu)', 'Strict-Transport-Security': 'max-age=604800; includeSubDomains', 'Access-Control-Allow-Origin': '*', 'Access-Control-Allow-Methods': 'POST', 'Access-Control-Max-Age': '3600', 'Access-Control-Allow-Headers': 'Content-Type, Access-Control-Allow-Headers, Authorization, X-Requested-With', 'Content-Length': '253', 'Keep-Alive': 'timeout=5, max=100', 'Connection': 'Keep-Alive', 'Content-Type': 'application/json;charset=UTF-8'}Response cookies: {}
-----

-----
Test: tests/test_google_maps_api.py::TestCreatePlace::test_delete_place (setup)Time: 2026-02-20 16:19:38.909170
Request method: POST
Request URL: https://rahulshettyacademy.com/maps/api/place/add/json?key=qaclick123

Response code: 200
Response test: {"status":"OK","place_id":"4c6153348d97fb2321a778c0550d5514","scope":"APP","reference":"263cf9eb85367debc26b8a10eadeead5263cf9eb85367debc26b8a10eadeead5","id":"263cf9eb85367debc26b8a10eadeead5"}Response headers: {'Date': 'Fri, 20 Feb 2026 13:19:40 GMT', 'Server': 'Apache/2.4.52 (Ubuntu)', 'Strict-Transport-Security': 'max-age=604800; includeSubDomains', 'Access-Control-Allow-Origin': '*', 'Access-Control-Allow-Methods': 'POST', 'Access-Control-Max-Age': '3600', 'Access-Control-Allow-Headers': 'Content-Type, Access-Control-Allow-Headers, Authorization, X-Requested-With', 'Content-Length': '194', 'Keep-Alive': 'timeout=5, max=100', 'Connection': 'Keep-Alive', 'Content-Type': 'application/json;charset=UTF-8'}Response cookies: {}
-----

-----
Test: tests/test_google_maps_api.py::TestCreatePlace::test_delete_place (call)Time: 2026-02-20 16:19:40.553435
Request method: DELETE
Request URL: https://rahulshettyacademy.com/maps/api/place/delete/json?key=qaclick123

Response code: 200
Response test: {"status":"OK"}Response headers: {'Date': 'Fri, 20 Feb 2026 13:19:41 GMT', 'Server': 'Apache/2.4.52 (Ubuntu)', 'Strict-Transport-Security': 'max-age=604800; includeSubDomains', 'Access-Control-Allow-Origin': '*', 'Access-Control-Allow-Methods': 'POST', 'Access-Control-Max-Age': '3600', 'Access-Control-Allow-Headers': 'Content-Type, Access-Control-Allow-Headers, Authorization, X-Requested-With', 'Content-Length': '15', 'Keep-Alive': 'timeout=5, max=100', 'Connection': 'Keep-Alive', 'Content-Type': 'application/json;charset=UTF-8'}Response cookies: {}
-----

-----
Test: tests/test_google_maps_api.py::TestCreatePlace::test_delete_place (call)Time: 2026-02-20 16:19:45.107655
Request method: GET
Request URL: https://rahulshettyacademy.com/maps/api/place/get/json?key=qaclick123&place_id=4c6153348d97fb2321a778c0550d5514

Response code: 404
Response test: {"msg":"Get operation failed, looks like place_id  doesn't exists"}Response headers: {'Date': 'Fri, 20 Feb 2026 13:19:46 GMT', 'Server': 'Apache/2.4.52 (Ubuntu)', 'Strict-Transport-Security': 'max-age=604800; includeSubDomains', 'Access-Control-Allow-Origin': '*', 'Access-Control-Allow-Methods': 'POST', 'Access-Control-Max-Age': '3600', 'Access-Control-Allow-Headers': 'Content-Type, Access-Control-Allow-Headers, Authorization, X-Requested-With', 'Content-Length': '67', 'Keep-Alive': 'timeout=5, max=100', 'Connection': 'Keep-Alive', 'Content-Type': 'application/json;charset=UTF-8'}Response cookies: {}
-----
